2026-02-24 14:49:11 - NumeroRadicacion - INFO - Starting execution - Logs saved to: C:\Users\sauda\PycharmProjects\NumeroRadicacion\logs\execution_20260224_144911.log
2026-02-24 14:49:11 - NumeroRadicacion - INFO - Reading numbers from Excel file: C:\Users\sauda\PycharmProjects\NumeroRadicacion\NumeroRadicacion.xlsx
2026-02-24 14:49:11 - NumeroRadicacion - DEBUG - Row 2: 18001310500220120030203.
2026-02-24 14:49:11 - NumeroRadicacion - DEBUG - Row 3: 86001333100220170010301.
2026-02-24 14:49:11 - NumeroRadicacion - DEBUG - Row 4: 18001400300120150044300-
2026-02-24 14:49:11 - NumeroRadicacion - DEBUG - Row 5: 18001400300320110036100.
2026-02-24 14:49:11 - NumeroRadicacion - DEBUG - Row 6: 25000234200020150182600.
2026-02-24 14:49:11 - NumeroRadicacion - DEBUG - Row 7: 05001333100520120036800.
2026-02-24 14:49:11 - NumeroRadicacion - DEBUG - Row 8: 18001400300220190085700-
2026-02-24 14:49:11 - NumeroRadicacion - DEBUG - Row 9: 18001318400120150031201-
2026-02-24 14:49:11 - NumeroRadicacion - DEBUG - Row 10: 18001311000220200026600.
2026-02-24 14:49:11 - NumeroRadicacion - DEBUG - Row 11: 18001400300120190081800.
2026-02-24 14:49:11 - NumeroRadicacion - INFO - Successfully read 10 number(s) from Excel
2026-02-24 14:49:11 - NumeroRadicacion - INFO - Processing number 1/10: 18001310500220120030203.
2026-02-24 14:49:12 - NumeroRadicacion - INFO - Attempting to access: https://consultaprocesos.ramajudicial.gov.co/Procesos/NumeroRadicacion
2026-02-24 14:49:16 - NumeroRadicacion - INFO - Successfully accessed URL
2026-02-24 14:49:16 - NumeroRadicacion - INFO - Page title: Consulta de Procesos por Número de Radicación- Consejo Superior de la Judicatura
2026-02-24 14:49:16 - NumeroRadicacion - INFO - Successfully selected 2nd radio button
2026-02-24 14:49:17 - NumeroRadicacion - INFO - Successfully entered search number: 18001310500220120030203.
2026-02-24 14:49:18 - NumeroRadicacion - INFO - Successfully clicked CONSULTAR button (Strategy 1 - aria-label)
2026-02-24 14:49:26 - NumeroRadicacion - INFO - No VOLVER button found (dialog may not have appeared)
2026-02-24 14:49:26 - NumeroRadicacion - INFO - Found clickable number in row 2: 18001310500220120030203
2026-02-24 14:49:26 - NumeroRadicacion - INFO - Successfully clicked the number: 18001310500220120030203
2026-02-24 14:49:29 - NumeroRadicacion - INFO - Found Despacho: DESPACHO 000 - TRIBUNAL SUPERIOR - CIVIL - FAMILIA - LABORAL - FLORENCIA *
2026-02-24 14:49:29 - NumeroRadicacion - INFO - Extracted Despacho value: DESPACHO 000 - TRIBUNAL SUPERIOR - CIVIL - FAMILIA - LABORAL - FLORENCIA *
2026-02-24 14:49:29 - NumeroRadicacion - DEBUG -   Row 2, Col 3 (Despacho): DESPACHO 000 - TRIBUNAL SUPERIOR - CIVIL - FAMILIA - LABORAL - FLORENCIA *
2026-02-24 14:49:29 - NumeroRadicacion - INFO - Successfully wrote Despacho to Excel for: 18001310500220120030203.
2026-02-24 14:49:29 - NumeroRadicacion - INFO - Successfully clicked Actuaciones tab
2026-02-24 14:49:30 - NumeroRadicacion - INFO - Actuaciones first row has 6 columns
2026-02-24 14:49:30 - NumeroRadicacion - DEBUG -   Row 2, Col 5: Cargando... Por favor espere
2026-02-24 14:49:30 - NumeroRadicacion - DEBUG -   Row 2, Col 6: 
2026-02-24 14:49:30 - NumeroRadicacion - DEBUG -   Row 2, Col 7: 
2026-02-24 14:49:30 - NumeroRadicacion - DEBUG -   Row 2, Col 8: 
2026-02-24 14:49:30 - NumeroRadicacion - DEBUG -   Row 2, Col 9: 
2026-02-24 14:49:30 - NumeroRadicacion - DEBUG -   Row 2, Col 10: 
2026-02-24 14:49:30 - NumeroRadicacion - INFO - Successfully wrote data to Excel for: 18001310500220120030203.
2026-02-24 14:49:30 - NumeroRadicacion - INFO - Wrote Actuaciones first row to Excel for 18001310500220120030203.
2026-02-24 14:49:30 - NumeroRadicacion - DEBUG -   Row 2, Col 3 (Despacho): DESPACHO 000 - TRIBUNAL SUPERIOR - CIVIL - FAMILIA - LABORAL - FLORENCIA *
2026-02-24 14:49:30 - NumeroRadicacion - INFO - Successfully wrote Despacho to Excel for: 18001310500220120030203.
2026-02-24 14:49:30 - NumeroRadicacion - INFO - Successfully clicked Sujetos Procesales tab
2026-02-24 14:49:32 - NumeroRadicacion - INFO - Found Demandante: AGUSTIN ROMERO CABEZAS
2026-02-24 14:49:32 - NumeroRadicacion - INFO - Found Demandado: ORLANDO PARDO PEREZ Y MERY AZUCENA SUAREZ MORENO
2026-02-24 14:49:32 - NumeroRadicacion - INFO - Extracted Subjetos Procesales data - Demandante: AGUSTIN ROMERO CABEZAS, Demandado: ORLANDO PARDO PEREZ Y MERY AZUCENA SUAREZ MORENO
2026-02-24 14:49:32 - NumeroRadicacion - DEBUG -   Row 2, Col 1 (Demandante): AGUSTIN ROMERO CABEZAS
2026-02-24 14:49:32 - NumeroRadicacion - DEBUG -   Row 2, Col 2 (Demandado): ORLANDO PARDO PEREZ Y MERY AZUCENA SUAREZ MORENO
2026-02-24 14:49:32 - NumeroRadicacion - INFO - Successfully wrote Demandante/Demandado to Excel for: 18001310500220120030203.
2026-02-24 14:49:32 - NumeroRadicacion - INFO - Successfully completed search for: 18001310500220120030203.
2026-02-24 14:49:34 - NumeroRadicacion - DEBUG - Waiting before next search...
2026-02-24 14:49:36 - NumeroRadicacion - INFO - Processing number 2/10: 86001333100220170010301.
2026-02-24 14:49:37 - NumeroRadicacion - INFO - Attempting to access: https://consultaprocesos.ramajudicial.gov.co/Procesos/NumeroRadicacion
2026-02-24 14:49:41 - NumeroRadicacion - INFO - Successfully accessed URL
2026-02-24 14:49:41 - NumeroRadicacion - INFO - Page title: Consulta de Procesos por Número de Radicación- Consejo Superior de la Judicatura
2026-02-24 14:49:41 - NumeroRadicacion - INFO - Successfully selected 2nd radio button
2026-02-24 14:49:42 - NumeroRadicacion - INFO - Successfully entered search number: 86001333100220170010301.
2026-02-24 14:49:43 - NumeroRadicacion - INFO - Successfully clicked CONSULTAR button (Strategy 1 - aria-label)
2026-02-24 14:49:45 - NumeroRadicacion - INFO - Successfully clicked VOLVER button (Strategy 1 - span text)
2026-02-24 14:49:46 - NumeroRadicacion - INFO - Found clickable number in row 2: 86001333100220170010301
2026-02-24 14:49:46 - NumeroRadicacion - INFO - Successfully clicked the number: 86001333100220170010301
2026-02-24 14:49:48 - NumeroRadicacion - INFO - Found Despacho: DESPACHO 000 - TRIBUNAL ADMINISTRATIVO - SIN SECCIÓN - ORAL - MOCOA *
2026-02-24 14:49:48 - NumeroRadicacion - INFO - Extracted Despacho value: DESPACHO 000 - TRIBUNAL ADMINISTRATIVO - SIN SECCIÓN - ORAL - MOCOA *
2026-02-24 14:49:48 - NumeroRadicacion - DEBUG -   Row 3, Col 3 (Despacho): DESPACHO 000 - TRIBUNAL ADMINISTRATIVO - SIN SECCIÓN - ORAL - MOCOA *
2026-02-24 14:49:48 - NumeroRadicacion - INFO - Successfully wrote Despacho to Excel for: 86001333100220170010301.
2026-02-24 14:49:48 - NumeroRadicacion - INFO - Successfully clicked Actuaciones tab
2026-02-24 14:49:50 - NumeroRadicacion - INFO - Actuaciones first row has 6 columns
2026-02-24 14:49:50 - NumeroRadicacion - DEBUG -   Row 3, Col 5: 2024-12-02
2026-02-24 14:49:50 - NumeroRadicacion - DEBUG -   Row 3, Col 6: DEVOLUCION ENTIDAD ORIGEN
2026-02-24 14:49:50 - NumeroRadicacion - DEBUG -   Row 3, Col 7: MRH-Actuación automática: Proceso finalizado por: Devolucion expediente al Juzgado de origen, en cumplimiento de la Sentencia de segunda instancia de fecha 21-11-2024Devuelve al origen fecha presentación proceso: 2020-10-08, fecha providencia remisoria: 2024-12-02 Despacho origen: MARCO ANTONIO MUÑOZ MERA Tipo providencia: Sentencia - Confirma Sentencia apelada Origen: 860012333000 - MARCO ANTONIO MUÑOZ MERA Destino: 860013333002 - Juzgado Administrativo 002 ADMINISTRATIVO ORALIDAD de MOCOA (PUTUMAYO)-86001
2026-02-24 14:49:50 - NumeroRadicacion - DEBUG -   Row 3, Col 8: 
2026-02-24 14:49:50 - NumeroRadicacion - DEBUG -   Row 3, Col 9: 
2026-02-24 14:49:50 - NumeroRadicacion - DEBUG -   Row 3, Col 10: 2024-12-02
2026-02-24 14:49:50 - NumeroRadicacion - INFO - Successfully wrote data to Excel for: 86001333100220170010301.
2026-02-24 14:49:50 - NumeroRadicacion - INFO - Wrote Actuaciones first row to Excel for 86001333100220170010301.
2026-02-24 14:49:50 - NumeroRadicacion - DEBUG -   Row 3, Col 3 (Despacho): DESPACHO 000 - TRIBUNAL ADMINISTRATIVO - SIN SECCIÓN - ORAL - MOCOA *
2026-02-24 14:49:50 - NumeroRadicacion - INFO - Successfully wrote Despacho to Excel for: 86001333100220170010301.
2026-02-24 14:49:50 - NumeroRadicacion - INFO - Successfully clicked Sujetos Procesales tab
2026-02-24 14:49:52 - NumeroRadicacion - INFO - Found Demandante: AGUEDA ROJAS DE VARGAS
2026-02-24 14:49:52 - NumeroRadicacion - INFO - Found Demandado: MINISTERIO DE DEFENSA NACIONAL -EJERCITO
2026-02-24 14:49:52 - NumeroRadicacion - INFO - Extracted Subjetos Procesales data - Demandante: AGUEDA ROJAS DE VARGAS, Demandado: MINISTERIO DE DEFENSA NACIONAL -EJERCITO
2026-02-24 14:49:52 - NumeroRadicacion - DEBUG -   Row 3, Col 1 (Demandante): AGUEDA ROJAS DE VARGAS
2026-02-24 14:49:52 - NumeroRadicacion - DEBUG -   Row 3, Col 2 (Demandado): MINISTERIO DE DEFENSA NACIONAL -EJERCITO
2026-02-24 14:49:52 - NumeroRadicacion - INFO - Successfully wrote Demandante/Demandado to Excel for: 86001333100220170010301.
2026-02-24 14:49:52 - NumeroRadicacion - INFO - Successfully completed search for: 86001333100220170010301.
2026-02-24 14:49:54 - NumeroRadicacion - DEBUG - Waiting before next search...
2026-02-24 14:49:56 - NumeroRadicacion - INFO - Processing number 3/10: 18001400300120150044300-
2026-02-24 14:49:58 - NumeroRadicacion - INFO - Attempting to access: https://consultaprocesos.ramajudicial.gov.co/Procesos/NumeroRadicacion
2026-02-24 14:50:01 - NumeroRadicacion - INFO - Successfully accessed URL
2026-02-24 14:50:01 - NumeroRadicacion - INFO - Page title: Consulta de Procesos por Número de Radicación- Consejo Superior de la Judicatura
2026-02-24 14:50:01 - NumeroRadicacion - INFO - Successfully selected 2nd radio button
2026-02-24 14:50:02 - NumeroRadicacion - INFO - Successfully entered search number: 18001400300120150044300-
2026-02-24 14:50:03 - NumeroRadicacion - INFO - Successfully clicked CONSULTAR button (Strategy 1 - aria-label)
2026-02-24 14:50:11 - NumeroRadicacion - INFO - No VOLVER button found (dialog may not have appeared)
2026-02-24 14:50:12 - NumeroRadicacion - INFO - Found clickable number in row 2: 18001400300120150044300
2026-02-24 14:50:12 - NumeroRadicacion - INFO - Successfully clicked the number: 18001400300120150044300
2026-02-24 14:50:14 - NumeroRadicacion - INFO - Found Despacho: JUZGADO 001 CIVIL MUNICIPAL DE FLORENCIA
2026-02-24 14:50:14 - NumeroRadicacion - INFO - Extracted Despacho value: JUZGADO 001 CIVIL MUNICIPAL DE FLORENCIA
2026-02-24 14:50:14 - NumeroRadicacion - DEBUG -   Row 4, Col 3 (Despacho): JUZGADO 001 CIVIL MUNICIPAL DE FLORENCIA
2026-02-24 14:50:14 - NumeroRadicacion - INFO - Successfully wrote Despacho to Excel for: 18001400300120150044300-
2026-02-24 14:50:14 - NumeroRadicacion - INFO - Successfully clicked Actuaciones tab
2026-02-24 14:50:15 - NumeroRadicacion - INFO - Actuaciones first row has 6 columns
2026-02-24 14:50:15 - NumeroRadicacion - DEBUG -   Row 4, Col 5: 2022-06-07
2026-02-24 14:50:15 - NumeroRadicacion - DEBUG -   Row 4, Col 6: Archivo definitivo
2026-02-24 14:50:15 - NumeroRadicacion - DEBUG -   Row 4, Col 7: PAQUETE 4 MARZO 2022
2026-02-24 14:50:15 - NumeroRadicacion - DEBUG -   Row 4, Col 8: 
2026-02-24 14:50:15 - NumeroRadicacion - DEBUG -   Row 4, Col 9: 
2026-02-24 14:50:15 - NumeroRadicacion - DEBUG -   Row 4, Col 10: 2022-06-07
2026-02-24 14:50:15 - NumeroRadicacion - INFO - Successfully wrote data to Excel for: 18001400300120150044300-
2026-02-24 14:50:15 - NumeroRadicacion - INFO - Wrote Actuaciones first row to Excel for 18001400300120150044300-
2026-02-24 14:50:15 - NumeroRadicacion - DEBUG -   Row 4, Col 3 (Despacho): JUZGADO 001 CIVIL MUNICIPAL DE FLORENCIA
2026-02-24 14:50:15 - NumeroRadicacion - INFO - Successfully wrote Despacho to Excel for: 18001400300120150044300-
2026-02-24 14:50:15 - NumeroRadicacion - INFO - Successfully clicked Sujetos Procesales tab
2026-02-24 14:50:17 - NumeroRadicacion - INFO - Found Demandante: ARBEY CAMILO CANTILLO MURCIA
2026-02-24 14:50:17 - NumeroRadicacion - INFO - Found Demandado: WILLIAM GERARDO HURTADO ZAPATA
2026-02-24 14:50:17 - NumeroRadicacion - INFO - Extracted Subjetos Procesales data - Demandante: ARBEY CAMILO CANTILLO MURCIA, Demandado: WILLIAM GERARDO HURTADO ZAPATA
2026-02-24 14:50:17 - NumeroRadicacion - DEBUG -   Row 4, Col 1 (Demandante): ARBEY CAMILO CANTILLO MURCIA
2026-02-24 14:50:17 - NumeroRadicacion - DEBUG -   Row 4, Col 2 (Demandado): WILLIAM GERARDO HURTADO ZAPATA
2026-02-24 14:50:17 - NumeroRadicacion - INFO - Successfully wrote Demandante/Demandado to Excel for: 18001400300120150044300-
2026-02-24 14:50:17 - NumeroRadicacion - INFO - Successfully completed search for: 18001400300120150044300-
2026-02-24 14:50:19 - NumeroRadicacion - DEBUG - Waiting before next search...
2026-02-24 14:50:21 - NumeroRadicacion - INFO - Processing number 4/10: 18001400300320110036100.
2026-02-24 14:50:23 - NumeroRadicacion - INFO - Attempting to access: https://consultaprocesos.ramajudicial.gov.co/Procesos/NumeroRadicacion
2026-02-24 14:50:25 - NumeroRadicacion - INFO - Successfully accessed URL
2026-02-24 14:50:25 - NumeroRadicacion - INFO - Page title: Consulta de Procesos por Número de Radicación- Consejo Superior de la Judicatura
2026-02-24 14:50:25 - NumeroRadicacion - INFO - Successfully selected 2nd radio button
2026-02-24 14:50:26 - NumeroRadicacion - INFO - Successfully entered search number: 18001400300320110036100.
2026-02-24 14:50:27 - NumeroRadicacion - INFO - Successfully clicked CONSULTAR button (Strategy 1 - aria-label)
2026-02-24 14:50:35 - NumeroRadicacion - INFO - No VOLVER button found (dialog may not have appeared)
2026-02-24 14:50:36 - NumeroRadicacion - INFO - Found clickable number in row 2: 18001400300320110036100
2026-02-24 14:50:36 - NumeroRadicacion - INFO - Successfully clicked the number: 18001400300320110036100
2026-02-24 14:50:38 - NumeroRadicacion - INFO - Found Despacho: JUZGADO 003 CIVIL MUNICIPAL DE FLORENCIA
2026-02-24 14:50:38 - NumeroRadicacion - INFO - Extracted Despacho value: JUZGADO 003 CIVIL MUNICIPAL DE FLORENCIA
2026-02-24 14:50:38 - NumeroRadicacion - DEBUG -   Row 5, Col 3 (Despacho): JUZGADO 003 CIVIL MUNICIPAL DE FLORENCIA
2026-02-24 14:50:38 - NumeroRadicacion - INFO - Successfully wrote Despacho to Excel for: 18001400300320110036100.
2026-02-24 14:50:39 - NumeroRadicacion - INFO - Successfully clicked Actuaciones tab
2026-02-24 14:50:40 - NumeroRadicacion - INFO - Actuaciones first row has 6 columns
2026-02-24 14:50:40 - NumeroRadicacion - DEBUG -   Row 5, Col 5: 2023-06-16
2026-02-24 14:50:40 - NumeroRadicacion - DEBUG -   Row 5, Col 6: Fijacion estado
2026-02-24 14:50:40 - NumeroRadicacion - DEBUG -   Row 5, Col 7: Actuación registrada el 16/06/2023 a las 14:35:50.
2026-02-24 14:50:40 - NumeroRadicacion - DEBUG -   Row 5, Col 8: 2023-06-20
2026-02-24 14:50:40 - NumeroRadicacion - DEBUG -   Row 5, Col 9: 2023-06-20
2026-02-24 14:50:40 - NumeroRadicacion - DEBUG -   Row 5, Col 10: 2023-06-16
2026-02-24 14:50:40 - NumeroRadicacion - INFO - Successfully wrote data to Excel for: 18001400300320110036100.
2026-02-24 14:50:40 - NumeroRadicacion - INFO - Wrote Actuaciones first row to Excel for 18001400300320110036100.
2026-02-24 14:50:40 - NumeroRadicacion - DEBUG -   Row 5, Col 3 (Despacho): JUZGADO 003 CIVIL MUNICIPAL DE FLORENCIA
2026-02-24 14:50:40 - NumeroRadicacion - INFO - Successfully wrote Despacho to Excel for: 18001400300320110036100.
2026-02-24 14:50:40 - NumeroRadicacion - INFO - Successfully clicked Sujetos Procesales tab
2026-02-24 14:50:42 - NumeroRadicacion - INFO - Found Demandante: ARNULFO - ROJAS PLAZAS
2026-02-24 14:50:42 - NumeroRadicacion - INFO - Found Demandado: FELIX MARIA - MONTERO POLANIA
2026-02-24 14:50:42 - NumeroRadicacion - INFO - Extracted Subjetos Procesales data - Demandante: ARNULFO - ROJAS PLAZAS, Demandado: FELIX MARIA - MONTERO POLANIA
2026-02-24 14:50:42 - NumeroRadicacion - DEBUG -   Row 5, Col 1 (Demandante): ARNULFO - ROJAS PLAZAS
2026-02-24 14:50:42 - NumeroRadicacion - DEBUG -   Row 5, Col 2 (Demandado): FELIX MARIA - MONTERO POLANIA
2026-02-24 14:50:42 - NumeroRadicacion - INFO - Successfully wrote Demandante/Demandado to Excel for: 18001400300320110036100.
2026-02-24 14:50:42 - NumeroRadicacion - INFO - Successfully completed search for: 18001400300320110036100.
2026-02-24 14:50:44 - NumeroRadicacion - DEBUG - Waiting before next search...
2026-02-24 14:50:46 - NumeroRadicacion - INFO - Processing number 5/10: 25000234200020150182600.
2026-02-24 14:50:47 - NumeroRadicacion - INFO - Attempting to access: https://consultaprocesos.ramajudicial.gov.co/Procesos/NumeroRadicacion
2026-02-24 14:50:51 - NumeroRadicacion - INFO - Successfully accessed URL
2026-02-24 14:50:51 - NumeroRadicacion - INFO - Page title: Consulta de Procesos por Número de Radicación- Consejo Superior de la Judicatura
2026-02-24 14:50:51 - NumeroRadicacion - INFO - Successfully selected 2nd radio button
2026-02-24 14:50:52 - NumeroRadicacion - INFO - Successfully entered search number: 25000234200020150182600.
2026-02-24 14:50:53 - NumeroRadicacion - INFO - Successfully clicked CONSULTAR button (Strategy 1 - aria-label)
2026-02-24 14:51:01 - NumeroRadicacion - INFO - No VOLVER button found (dialog may not have appeared)
2026-02-24 14:51:01 - NumeroRadicacion - INFO - Found clickable number in row 2: 25000234200020150182600
2026-02-24 14:51:01 - NumeroRadicacion - INFO - Successfully clicked the number: 25000234200020150182600
2026-02-24 14:51:04 - NumeroRadicacion - INFO - Found Despacho: DESPACHO 000 - TRIBUNAL ADMINISTRATIVO - SECCIÓN SEGUNDA MIXTA - ORAL - BOGOTÁ *
2026-02-24 14:51:04 - NumeroRadicacion - INFO - Extracted Despacho value: DESPACHO 000 - TRIBUNAL ADMINISTRATIVO - SECCIÓN SEGUNDA MIXTA - ORAL - BOGOTÁ *
2026-02-24 14:51:04 - NumeroRadicacion - DEBUG -   Row 6, Col 3 (Despacho): DESPACHO 000 - TRIBUNAL ADMINISTRATIVO - SECCIÓN SEGUNDA MIXTA - ORAL - BOGOTÁ *
2026-02-24 14:51:04 - NumeroRadicacion - INFO - Successfully wrote Despacho to Excel for: 25000234200020150182600.
2026-02-24 14:51:04 - NumeroRadicacion - INFO - Successfully clicked Actuaciones tab
2026-02-24 14:51:05 - NumeroRadicacion - INFO - Actuaciones first row has 6 columns
2026-02-24 14:51:05 - NumeroRadicacion - DEBUG -   Row 6, Col 5: 2022-02-08
2026-02-24 14:51:05 - NumeroRadicacion - DEBUG -   Row 6, Col 6: ARCHIVO
2026-02-24 14:51:05 - NumeroRadicacion - DEBUG -   Row 6, Col 7: 43710
2026-02-24 14:51:05 - NumeroRadicacion - DEBUG -   Row 6, Col 8: 
2026-02-24 14:51:05 - NumeroRadicacion - DEBUG -   Row 6, Col 9: 
2026-02-24 14:51:05 - NumeroRadicacion - DEBUG -   Row 6, Col 10: 2022-02-08
2026-02-24 14:51:05 - NumeroRadicacion - INFO - Successfully wrote data to Excel for: 25000234200020150182600.
2026-02-24 14:51:05 - NumeroRadicacion - INFO - Wrote Actuaciones first row to Excel for 25000234200020150182600.
2026-02-24 14:51:05 - NumeroRadicacion - DEBUG -   Row 6, Col 3 (Despacho): DESPACHO 000 - TRIBUNAL ADMINISTRATIVO - SECCIÓN SEGUNDA MIXTA - ORAL - BOGOTÁ *
2026-02-24 14:51:05 - NumeroRadicacion - INFO - Successfully wrote Despacho to Excel for: 25000234200020150182600.
2026-02-24 14:51:05 - NumeroRadicacion - INFO - Successfully clicked Sujetos Procesales tab
2026-02-24 14:51:07 - NumeroRadicacion - INFO - Found Demandante: BEATRIZ ZUÑIGA ARDILA
2026-02-24 14:51:07 - NumeroRadicacion - INFO - Found Demandado: NACION - MINISTERIO DE DEFENSA - EJERCITO NACIONAL
2026-02-24 14:51:07 - NumeroRadicacion - INFO - Extracted Subjetos Procesales data - Demandante: BEATRIZ ZUÑIGA ARDILA, Demandado: NACION - MINISTERIO DE DEFENSA - EJERCITO NACIONAL
2026-02-24 14:51:07 - NumeroRadicacion - DEBUG -   Row 6, Col 1 (Demandante): BEATRIZ ZUÑIGA ARDILA
2026-02-24 14:51:07 - NumeroRadicacion - DEBUG -   Row 6, Col 2 (Demandado): NACION - MINISTERIO DE DEFENSA - EJERCITO NACIONAL
2026-02-24 14:51:07 - NumeroRadicacion - INFO - Successfully wrote Demandante/Demandado to Excel for: 25000234200020150182600.
2026-02-24 14:51:07 - NumeroRadicacion - INFO - Successfully completed search for: 25000234200020150182600.
2026-02-24 14:51:09 - NumeroRadicacion - DEBUG - Waiting before next search...
2026-02-24 14:51:11 - NumeroRadicacion - INFO - Processing number 6/10: 05001333100520120036800.
2026-02-24 14:51:13 - NumeroRadicacion - INFO - Attempting to access: https://consultaprocesos.ramajudicial.gov.co/Procesos/NumeroRadicacion
2026-02-24 14:51:16 - NumeroRadicacion - INFO - Successfully accessed URL
2026-02-24 14:51:16 - NumeroRadicacion - INFO - Page title: Consulta de Procesos por Número de Radicación- Consejo Superior de la Judicatura
2026-02-24 14:51:16 - NumeroRadicacion - INFO - Successfully selected 2nd radio button
2026-02-24 14:51:17 - NumeroRadicacion - INFO - Successfully entered search number: 05001333100520120036800.
2026-02-24 14:51:18 - NumeroRadicacion - INFO - Successfully clicked CONSULTAR button (Strategy 1 - aria-label)
2026-02-24 14:51:21 - NumeroRadicacion - INFO - Successfully clicked VOLVER button (Strategy 1 - span text)
2026-02-24 14:51:22 - NumeroRadicacion - INFO - Found clickable number in row 2: 05001333100520120036800
2026-02-24 14:51:22 - NumeroRadicacion - INFO - Successfully clicked the number: 05001333100520120036800
2026-02-24 14:51:24 - NumeroRadicacion - INFO - Found Despacho: JUZGADO 031 ADMINISTRATIVO DE MEDELLÍN
2026-02-24 14:51:24 - NumeroRadicacion - INFO - Extracted Despacho value: JUZGADO 031 ADMINISTRATIVO DE MEDELLÍN
2026-02-24 14:51:24 - NumeroRadicacion - DEBUG -   Row 7, Col 3 (Despacho): JUZGADO 031 ADMINISTRATIVO DE MEDELLÍN
2026-02-24 14:51:24 - NumeroRadicacion - INFO - Successfully wrote Despacho to Excel for: 05001333100520120036800.
2026-02-24 14:51:24 - NumeroRadicacion - INFO - Successfully clicked Actuaciones tab
2026-02-24 14:51:25 - NumeroRadicacion - INFO - Actuaciones first row has 6 columns
2026-02-24 14:51:25 - NumeroRadicacion - DEBUG -   Row 7, Col 5: 2017-10-12
2026-02-24 14:51:25 - NumeroRadicacion - DEBUG -   Row 7, Col 6: Archivo
2026-02-24 14:51:25 - NumeroRadicacion - DEBUG -   Row 7, Col 7: CAJA 9848
2026-02-24 14:51:25 - NumeroRadicacion - DEBUG -   Row 7, Col 8: 
2026-02-24 14:51:25 - NumeroRadicacion - DEBUG -   Row 7, Col 9: 
2026-02-24 14:51:25 - NumeroRadicacion - DEBUG -   Row 7, Col 10: 2017-10-12
2026-02-24 14:51:25 - NumeroRadicacion - INFO - Successfully wrote data to Excel for: 05001333100520120036800.
2026-02-24 14:51:25 - NumeroRadicacion - INFO - Wrote Actuaciones first row to Excel for 05001333100520120036800.
2026-02-24 14:51:25 - NumeroRadicacion - DEBUG -   Row 7, Col 3 (Despacho): JUZGADO 031 ADMINISTRATIVO DE MEDELLÍN
2026-02-24 14:51:25 - NumeroRadicacion - INFO - Successfully wrote Despacho to Excel for: 05001333100520120036800.
2026-02-24 14:51:25 - NumeroRadicacion - INFO - Successfully clicked Sujetos Procesales tab
2026-02-24 14:51:27 - NumeroRadicacion - INFO - Found Demandante: FELIX CONEO MUÑOZ
2026-02-24 14:51:27 - NumeroRadicacion - INFO - Found Demandado: NACION-MINDEFENSA-POLICIA
2026-02-24 14:51:27 - NumeroRadicacion - INFO - Extracted Subjetos Procesales data - Demandante: FELIX CONEO MUÑOZ, Demandado: NACION-MINDEFENSA-POLICIA
2026-02-24 14:51:27 - NumeroRadicacion - DEBUG -   Row 7, Col 1 (Demandante): FELIX CONEO MUÑOZ
2026-02-24 14:51:27 - NumeroRadicacion - DEBUG -   Row 7, Col 2 (Demandado): NACION-MINDEFENSA-POLICIA
2026-02-24 14:51:27 - NumeroRadicacion - INFO - Successfully wrote Demandante/Demandado to Excel for: 05001333100520120036800.
2026-02-24 14:51:27 - NumeroRadicacion - INFO - Successfully completed search for: 05001333100520120036800.
2026-02-24 14:51:30 - NumeroRadicacion - DEBUG - Waiting before next search...
2026-02-24 14:51:32 - NumeroRadicacion - INFO - Processing number 7/10: 18001400300220190085700-
2026-02-24 14:51:33 - NumeroRadicacion - INFO - Attempting to access: https://consultaprocesos.ramajudicial.gov.co/Procesos/NumeroRadicacion
2026-02-24 14:51:36 - NumeroRadicacion - INFO - Successfully accessed URL
2026-02-24 14:51:36 - NumeroRadicacion - INFO - Page title: Consulta de Procesos por Número de Radicación- Consejo Superior de la Judicatura
2026-02-24 14:51:36 - NumeroRadicacion - INFO - Successfully selected 2nd radio button
2026-02-24 14:51:37 - NumeroRadicacion - INFO - Successfully entered search number: 18001400300220190085700-
2026-02-24 14:51:38 - NumeroRadicacion - INFO - Successfully clicked CONSULTAR button (Strategy 1 - aria-label)
2026-02-24 14:51:47 - NumeroRadicacion - INFO - No VOLVER button found (dialog may not have appeared)
2026-02-24 14:51:47 - NumeroRadicacion - INFO - Found clickable number in row 2: 18001400300220190085700
2026-02-24 14:51:47 - NumeroRadicacion - INFO - Successfully clicked the number: 18001400300220190085700
2026-02-24 14:51:49 - NumeroRadicacion - INFO - Found Despacho: JUZGADO 002 CIVIL MUNICIPAL DE FLORENCIA
2026-02-24 14:51:49 - NumeroRadicacion - INFO - Extracted Despacho value: JUZGADO 002 CIVIL MUNICIPAL DE FLORENCIA
2026-02-24 14:51:49 - NumeroRadicacion - DEBUG -   Row 8, Col 3 (Despacho): JUZGADO 002 CIVIL MUNICIPAL DE FLORENCIA
2026-02-24 14:51:49 - NumeroRadicacion - INFO - Successfully wrote Despacho to Excel for: 18001400300220190085700-
2026-02-24 14:51:49 - NumeroRadicacion - INFO - Successfully clicked Actuaciones tab
2026-02-24 14:51:50 - NumeroRadicacion - INFO - Actuaciones first row has 6 columns
2026-02-24 14:51:50 - NumeroRadicacion - DEBUG -   Row 8, Col 5: 2024-08-20
2026-02-24 14:51:50 - NumeroRadicacion - DEBUG -   Row 8, Col 6: Entrega de oficios
2026-02-24 14:51:50 - NumeroRadicacion - DEBUG -   Row 8, Col 7: Constancia Notificacion del los Oficios No. 1669 y 1670 a Bancos - Levanta Medidas.
2026-02-24 14:51:50 - NumeroRadicacion - DEBUG -   Row 8, Col 8: 
2026-02-24 14:51:50 - NumeroRadicacion - DEBUG -   Row 8, Col 9: 
2026-02-24 14:51:50 - NumeroRadicacion - DEBUG -   Row 8, Col 10: 2024-08-30
2026-02-24 14:51:50 - NumeroRadicacion - INFO - Successfully wrote data to Excel for: 18001400300220190085700-
2026-02-24 14:51:50 - NumeroRadicacion - INFO - Wrote Actuaciones first row to Excel for 18001400300220190085700-
2026-02-24 14:51:50 - NumeroRadicacion - DEBUG -   Row 8, Col 3 (Despacho): JUZGADO 002 CIVIL MUNICIPAL DE FLORENCIA
2026-02-24 14:51:50 - NumeroRadicacion - INFO - Successfully wrote Despacho to Excel for: 18001400300220190085700-
2026-02-24 14:51:50 - NumeroRadicacion - INFO - Successfully clicked Sujetos Procesales tab
2026-02-24 14:51:53 - NumeroRadicacion - INFO - Found Demandante: CAROL OSORNO CARDONA
2026-02-24 14:51:53 - NumeroRadicacion - INFO - Found Demandado: LAURA MARIA ROJAS RIVERA
2026-02-24 14:51:53 - NumeroRadicacion - INFO - Extracted Subjetos Procesales data - Demandante: CAROL OSORNO CARDONA, Demandado: LAURA MARIA ROJAS RIVERA
2026-02-24 14:51:53 - NumeroRadicacion - DEBUG -   Row 8, Col 1 (Demandante): CAROL OSORNO CARDONA
2026-02-24 14:51:53 - NumeroRadicacion - DEBUG -   Row 8, Col 2 (Demandado): LAURA MARIA ROJAS RIVERA
2026-02-24 14:51:53 - NumeroRadicacion - INFO - Successfully wrote Demandante/Demandado to Excel for: 18001400300220190085700-
2026-02-24 14:51:53 - NumeroRadicacion - INFO - Successfully completed search for: 18001400300220190085700-
2026-02-24 14:51:55 - NumeroRadicacion - DEBUG - Waiting before next search...
2026-02-24 14:51:57 - NumeroRadicacion - INFO - Processing number 8/10: 18001318400120150031201-
2026-02-24 14:51:58 - NumeroRadicacion - INFO - Attempting to access: https://consultaprocesos.ramajudicial.gov.co/Procesos/NumeroRadicacion
2026-02-24 14:52:01 - NumeroRadicacion - INFO - Successfully accessed URL
2026-02-24 14:52:01 - NumeroRadicacion - INFO - Page title: Consulta de Procesos por Número de Radicación- Consejo Superior de la Judicatura
2026-02-24 14:52:01 - NumeroRadicacion - INFO - Successfully selected 2nd radio button
2026-02-24 14:52:03 - NumeroRadicacion - INFO - Successfully entered search number: 18001318400120150031201-
2026-02-24 14:52:04 - NumeroRadicacion - INFO - Successfully clicked CONSULTAR button (Strategy 1 - aria-label)
2026-02-24 14:52:12 - NumeroRadicacion - INFO - No VOLVER button found (dialog may not have appeared)
2026-02-24 14:52:12 - NumeroRadicacion - INFO - Found clickable number in row 2: 18001318400120150031201
2026-02-24 14:52:12 - NumeroRadicacion - INFO - Successfully clicked the number: 18001318400120150031201
2026-02-24 14:52:14 - NumeroRadicacion - INFO - Found Despacho: JUZGADO 001 DE FAMILIA DE FLORENCIA
2026-02-24 14:52:14 - NumeroRadicacion - INFO - Extracted Despacho value: JUZGADO 001 DE FAMILIA DE FLORENCIA
2026-02-24 14:52:14 - NumeroRadicacion - DEBUG -   Row 9, Col 3 (Despacho): JUZGADO 001 DE FAMILIA DE FLORENCIA
2026-02-24 14:52:14 - NumeroRadicacion - INFO - Successfully wrote Despacho to Excel for: 18001318400120150031201-
2026-02-24 14:52:14 - NumeroRadicacion - INFO - Successfully clicked Actuaciones tab
2026-02-24 14:52:16 - NumeroRadicacion - INFO - Actuaciones first row has 6 columns
2026-02-24 14:52:16 - NumeroRadicacion - DEBUG -   Row 9, Col 5: 2024-05-20
2026-02-24 14:52:16 - NumeroRadicacion - DEBUG -   Row 9, Col 6: Fijacion estado
2026-02-24 14:52:16 - NumeroRadicacion - DEBUG -   Row 9, Col 7: Actuación registrada el 20/05/2024 a las 12:00:21.
2026-02-24 14:52:16 - NumeroRadicacion - DEBUG -   Row 9, Col 8: 2024-05-21
2026-02-24 14:52:16 - NumeroRadicacion - DEBUG -   Row 9, Col 9: 2024-05-21
2026-02-24 14:52:16 - NumeroRadicacion - DEBUG -   Row 9, Col 10: 2024-05-20
2026-02-24 14:52:16 - NumeroRadicacion - INFO - Successfully wrote data to Excel for: 18001318400120150031201-
2026-02-24 14:52:16 - NumeroRadicacion - INFO - Wrote Actuaciones first row to Excel for 18001318400120150031201-
2026-02-24 14:52:16 - NumeroRadicacion - DEBUG -   Row 9, Col 3 (Despacho): JUZGADO 001 DE FAMILIA DE FLORENCIA
2026-02-24 14:52:16 - NumeroRadicacion - INFO - Successfully wrote Despacho to Excel for: 18001318400120150031201-
2026-02-24 14:52:16 - NumeroRadicacion - INFO - Successfully clicked Sujetos Procesales tab
2026-02-24 14:52:18 - NumeroRadicacion - INFO - Found Demandante: CARLOS EDUARDO- HURTADO SUZUNAGA
2026-02-24 14:52:18 - NumeroRadicacion - INFO - Found Demandado: CAUSANTE OSCAR REINALDO - HURTADO MUÑOZ
2026-02-24 14:52:18 - NumeroRadicacion - INFO - Extracted Subjetos Procesales data - Demandante: CARLOS EDUARDO- HURTADO SUZUNAGA, Demandado: CAUSANTE OSCAR REINALDO - HURTADO MUÑOZ
2026-02-24 14:52:18 - NumeroRadicacion - DEBUG -   Row 9, Col 1 (Demandante): CARLOS EDUARDO- HURTADO SUZUNAGA
2026-02-24 14:52:18 - NumeroRadicacion - DEBUG -   Row 9, Col 2 (Demandado): CAUSANTE OSCAR REINALDO - HURTADO MUÑOZ
2026-02-24 14:52:18 - NumeroRadicacion - INFO - Successfully wrote Demandante/Demandado to Excel for: 18001318400120150031201-
2026-02-24 14:52:18 - NumeroRadicacion - INFO - Successfully completed search for: 18001318400120150031201-
2026-02-24 14:52:20 - NumeroRadicacion - DEBUG - Waiting before next search...
2026-02-24 14:52:22 - NumeroRadicacion - INFO - Processing number 9/10: 18001311000220200026600.
2026-02-24 14:52:23 - NumeroRadicacion - INFO - Attempting to access: https://consultaprocesos.ramajudicial.gov.co/Procesos/NumeroRadicacion
2026-02-24 14:52:27 - NumeroRadicacion - INFO - Successfully accessed URL
2026-02-24 14:52:27 - NumeroRadicacion - INFO - Page title: Consulta de Procesos por Número de Radicación- Consejo Superior de la Judicatura
2026-02-24 14:52:27 - NumeroRadicacion - INFO - Successfully selected 2nd radio button
2026-02-24 14:52:28 - NumeroRadicacion - INFO - Successfully entered search number: 18001311000220200026600.
2026-02-24 14:52:29 - NumeroRadicacion - INFO - Successfully clicked CONSULTAR button (Strategy 1 - aria-label)
2026-02-24 14:52:37 - NumeroRadicacion - INFO - No VOLVER button found (dialog may not have appeared)
2026-02-24 14:52:37 - NumeroRadicacion - INFO - Found clickable number in row 2: 18001311000220200026600
2026-02-24 14:52:37 - NumeroRadicacion - INFO - Successfully clicked the number: 18001311000220200026600
2026-02-24 14:52:39 - NumeroRadicacion - INFO - Found Despacho: JUZGADO 002 DE FAMILIA DE FLORENCIA
2026-02-24 14:52:39 - NumeroRadicacion - INFO - Extracted Despacho value: JUZGADO 002 DE FAMILIA DE FLORENCIA
2026-02-24 14:52:39 - NumeroRadicacion - DEBUG -   Row 10, Col 3 (Despacho): JUZGADO 002 DE FAMILIA DE FLORENCIA
2026-02-24 14:52:40 - NumeroRadicacion - INFO - Successfully wrote Despacho to Excel for: 18001311000220200026600.
2026-02-24 14:52:40 - NumeroRadicacion - INFO - Successfully clicked Actuaciones tab
2026-02-24 14:52:41 - NumeroRadicacion - INFO - Actuaciones first row has 6 columns
2026-02-24 14:52:41 - NumeroRadicacion - DEBUG -   Row 10, Col 5: 2021-04-16
2026-02-24 14:52:41 - NumeroRadicacion - DEBUG -   Row 10, Col 6: Fijacion estado
2026-02-24 14:52:41 - NumeroRadicacion - DEBUG -   Row 10, Col 7: Actuación registrada el 16/04/2021 a las 11:04:55.
2026-02-24 14:52:41 - NumeroRadicacion - DEBUG -   Row 10, Col 8: 2021-04-19
2026-02-24 14:52:41 - NumeroRadicacion - DEBUG -   Row 10, Col 9: 2021-04-19
2026-02-24 14:52:41 - NumeroRadicacion - DEBUG -   Row 10, Col 10: 2021-04-16
2026-02-24 14:52:41 - NumeroRadicacion - INFO - Successfully wrote data to Excel for: 18001311000220200026600.
2026-02-24 14:52:41 - NumeroRadicacion - INFO - Wrote Actuaciones first row to Excel for 18001311000220200026600.
2026-02-24 14:52:41 - NumeroRadicacion - DEBUG -   Row 10, Col 3 (Despacho): JUZGADO 002 DE FAMILIA DE FLORENCIA
2026-02-24 14:52:41 - NumeroRadicacion - INFO - Successfully wrote Despacho to Excel for: 18001311000220200026600.
2026-02-24 14:52:41 - NumeroRadicacion - INFO - Successfully clicked Sujetos Procesales tab
2026-02-24 14:52:43 - NumeroRadicacion - INFO - Found Demandante: DANIELA - ROJAS CUÉLLAR
2026-02-24 14:52:43 - NumeroRadicacion - INFO - Demandante: DANIELA - ROJAS CUÉLLAR
2026-02-24 14:52:43 - NumeroRadicacion - INFO - Demandado: (not found)
2026-02-24 14:52:43 - NumeroRadicacion - INFO - Extracted Subjetos Procesales data - Demandante: DANIELA - ROJAS CUÉLLAR, Demandado: 
2026-02-24 14:52:43 - NumeroRadicacion - DEBUG -   Row 10, Col 1 (Demandante): DANIELA - ROJAS CUÉLLAR
2026-02-24 14:52:43 - NumeroRadicacion - DEBUG -   Row 10, Col 2 (Demandado): 
2026-02-24 14:52:43 - NumeroRadicacion - INFO - Successfully wrote Demandante/Demandado to Excel for: 18001311000220200026600.
2026-02-24 14:52:43 - NumeroRadicacion - INFO - Successfully completed search for: 18001311000220200026600.
2026-02-24 14:52:45 - NumeroRadicacion - DEBUG - Waiting before next search...
2026-02-24 14:52:47 - NumeroRadicacion - INFO - Processing number 10/10: 18001400300120190081800.
2026-02-24 14:52:49 - NumeroRadicacion - INFO - Attempting to access: https://consultaprocesos.ramajudicial.gov.co/Procesos/NumeroRadicacion
2026-02-24 14:52:52 - NumeroRadicacion - INFO - Successfully accessed URL
2026-02-24 14:52:52 - NumeroRadicacion - INFO - Page title: Consulta de Procesos por Número de Radicación- Consejo Superior de la Judicatura
2026-02-24 14:52:52 - NumeroRadicacion - INFO - Successfully selected 2nd radio button
2026-02-24 14:52:53 - NumeroRadicacion - INFO - Successfully entered search number: 18001400300120190081800.
2026-02-24 14:52:54 - NumeroRadicacion - INFO - Successfully clicked CONSULTAR button (Strategy 1 - aria-label)
2026-02-24 14:53:03 - NumeroRadicacion - INFO - No VOLVER button found (dialog may not have appeared)
2026-02-24 14:53:03 - NumeroRadicacion - INFO - Found clickable number in row 2: 18001400300120190081800
2026-02-24 14:53:03 - NumeroRadicacion - INFO - Successfully clicked the number: 18001400300120190081800
2026-02-24 14:53:05 - NumeroRadicacion - INFO - Found Despacho: JUZGADO 001 CIVIL MUNICIPAL DE FLORENCIA
2026-02-24 14:53:05 - NumeroRadicacion - INFO - Extracted Despacho value: JUZGADO 001 CIVIL MUNICIPAL DE FLORENCIA
2026-02-24 14:53:05 - NumeroRadicacion - DEBUG -   Row 11, Col 3 (Despacho): JUZGADO 001 CIVIL MUNICIPAL DE FLORENCIA
2026-02-24 14:53:05 - NumeroRadicacion - INFO - Successfully wrote Despacho to Excel for: 18001400300120190081800.
2026-02-24 14:53:05 - NumeroRadicacion - INFO - Successfully clicked Actuaciones tab
2026-02-24 14:53:06 - NumeroRadicacion - INFO - Actuaciones first row has 6 columns
2026-02-24 14:53:06 - NumeroRadicacion - DEBUG -   Row 11, Col 5: 2021-10-14
2026-02-24 14:53:06 - NumeroRadicacion - DEBUG -   Row 11, Col 6: Archivo definitivo
2026-02-24 14:53:06 - NumeroRadicacion - DEBUG -   Row 11, Col 7: PAQUETE 2 JUNIO 2021
2026-02-24 14:53:06 - NumeroRadicacion - DEBUG -   Row 11, Col 8: 
2026-02-24 14:53:06 - NumeroRadicacion - DEBUG -   Row 11, Col 9: 
2026-02-24 14:53:06 - NumeroRadicacion - DEBUG -   Row 11, Col 10: 2021-10-14
2026-02-24 14:53:06 - NumeroRadicacion - INFO - Successfully wrote data to Excel for: 18001400300120190081800.
2026-02-24 14:53:06 - NumeroRadicacion - INFO - Wrote Actuaciones first row to Excel for 18001400300120190081800.
2026-02-24 14:53:06 - NumeroRadicacion - DEBUG -   Row 11, Col 3 (Despacho): JUZGADO 001 CIVIL MUNICIPAL DE FLORENCIA
2026-02-24 14:53:06 - NumeroRadicacion - INFO - Successfully wrote Despacho to Excel for: 18001400300120190081800.
2026-02-24 14:53:06 - NumeroRadicacion - INFO - Successfully clicked Sujetos Procesales tab
2026-02-24 14:53:08 - NumeroRadicacion - INFO - Found Demandante: WILMAR ARTUNDUAGA ALVAREZ
2026-02-24 14:53:08 - NumeroRadicacion - INFO - Found Demandado: DIANA PATRICIA MORERA SANCHEZ
2026-02-24 14:53:08 - NumeroRadicacion - INFO - Extracted Subjetos Procesales data - Demandante: WILMAR ARTUNDUAGA ALVAREZ, Demandado: DIANA PATRICIA MORERA SANCHEZ
2026-02-24 14:53:08 - NumeroRadicacion - DEBUG -   Row 11, Col 1 (Demandante): WILMAR ARTUNDUAGA ALVAREZ
2026-02-24 14:53:08 - NumeroRadicacion - DEBUG -   Row 11, Col 2 (Demandado): DIANA PATRICIA MORERA SANCHEZ
2026-02-24 14:53:09 - NumeroRadicacion - INFO - Successfully wrote Demandante/Demandado to Excel for: 18001400300120190081800.
2026-02-24 14:53:09 - NumeroRadicacion - INFO - Successfully completed search for: 18001400300120190081800.
2026-02-24 14:53:11 - NumeroRadicacion - INFO - All 10 searches completed!
